<?xml version="1.0" encoding="UTF-8"?>
<testng-results skipped="0" failed="0" total="8" passed="8">
  <reporter-output>
  </reporter-output>
  <suite name="TestNG_XML_Testing" duration-ms="26900" started-at="2016-04-13T02:24:13Z" finished-at="2016-04-13T02:24:40Z">
    <groups>
    </groups>
    <test name="FireTest" duration-ms="18530" started-at="2016-04-13T02:24:13Z" finished-at="2016-04-13T02:24:32Z">
      <class name="test.OmgeoHomePageTestingV1">
        <test-method status="PASS" signature="setup(java.lang.String, java.lang.String)[pri:0, instance:test.OmgeoHomePageTestingV1@7c16905e]" name="setup" is-config="true" duration-ms="5635" started-at="2016-04-12T22:24:13Z" finished-at="2016-04-12T22:24:19Z">
          <params>
            <param index="0">
              <value>
                <![CDATA[firefox]]>
              </value>
            </param>
            <param index="1">
              <value>
                <![CDATA[http://www.omgeo.com/]]>
              </value>
            </param>
          </params>
          <reporter-output>
          </reporter-output>
        </test-method> <!-- setup -->
        <test-method status="PASS" signature="test_Home_Page_Appear_Correct(java.lang.String)[pri:0, instance:test.OmgeoHomePageTestingV1@7c16905e]" name="test_Home_Page_Appear_Correct" duration-ms="86" started-at="2016-04-12T22:24:19Z" finished-at="2016-04-12T22:24:19Z">
          <params>
            <param index="0">
              <value>
                <![CDATA[http://www.omgeo.com/]]>
              </value>
            </param>
          </params>
          <reporter-output>
          </reporter-output>
        </test-method> <!-- test_Home_Page_Appear_Correct -->
        <test-method status="PASS" signature="test_About_Page_Correct(java.lang.String)[pri:1, instance:test.OmgeoHomePageTestingV1@7c16905e]" name="test_About_Page_Correct" duration-ms="4075" started-at="2016-04-12T22:24:19Z" finished-at="2016-04-12T22:24:23Z">
          <params>
            <param index="0">
              <value>
                <![CDATA[http://www.omgeo.com/aboutomgeo]]>
              </value>
            </param>
          </params>
          <reporter-output>
          </reporter-output>
        </test-method> <!-- test_About_Page_Correct -->
        <test-method status="PASS" signature="AlertPage(java.lang.String)[pri:2, instance:test.OmgeoHomePageTestingV1@7c16905e]" name="AlertPage" duration-ms="6545" started-at="2016-04-12T22:24:23Z" finished-at="2016-04-12T22:24:29Z">
          <params>
            <param index="0">
              <value>
                <![CDATA[http://www.omgeo.com/alert]]>
              </value>
            </param>
          </params>
          <reporter-output>
          </reporter-output>
        </test-method> <!-- AlertPage -->
        <test-method status="PASS" signature="leaderShipPage(java.lang.String)[pri:3, instance:test.OmgeoHomePageTestingV1@7c16905e]" name="leaderShipPage" duration-ms="2150" started-at="2016-04-12T22:24:29Z" finished-at="2016-04-12T22:24:32Z">
          <params>
            <param index="0">
              <value>
                <![CDATA[http://www.omgeo.com/leadership_team]]>
              </value>
            </param>
          </params>
          <reporter-output>
          </reporter-output>
        </test-method> <!-- leaderShipPage -->
      </class> <!-- test.OmgeoHomePageTestingV1 -->
    </test> <!-- FireTest -->
    <test name="ChromeTest" duration-ms="8327" started-at="2016-04-13T02:24:32Z" finished-at="2016-04-13T02:24:40Z">
      <class name="test.OmgeoHomePageTestingV1">
        <test-method status="PASS" signature="setup(java.lang.String, java.lang.String)[pri:0, instance:test.OmgeoHomePageTestingV1@1d057a39]" name="setup" is-config="true" duration-ms="4528" started-at="2016-04-12T22:24:32Z" finished-at="2016-04-12T22:24:36Z">
          <params>
            <param index="0">
              <value>
                <![CDATA[chrome]]>
              </value>
            </param>
            <param index="1">
              <value>
                <![CDATA[http://www.omgeo.com/]]>
              </value>
            </param>
          </params>
          <reporter-output>
          </reporter-output>
        </test-method> <!-- setup -->
        <test-method status="PASS" signature="test_Home_Page_Appear_Correct(java.lang.String)[pri:0, instance:test.OmgeoHomePageTestingV1@1d057a39]" name="test_Home_Page_Appear_Correct" duration-ms="15" started-at="2016-04-12T22:24:36Z" finished-at="2016-04-12T22:24:36Z">
          <params>
            <param index="0">
              <value>
                <![CDATA[http://www.omgeo.com/]]>
              </value>
            </param>
          </params>
          <reporter-output>
          </reporter-output>
        </test-method> <!-- test_Home_Page_Appear_Correct -->
        <test-method status="PASS" signature="test_About_Page_Correct(java.lang.String)[pri:1, instance:test.OmgeoHomePageTestingV1@1d057a39]" name="test_About_Page_Correct" duration-ms="527" started-at="2016-04-12T22:24:36Z" finished-at="2016-04-12T22:24:37Z">
          <params>
            <param index="0">
              <value>
                <![CDATA[http://www.omgeo.com/aboutomgeo]]>
              </value>
            </param>
          </params>
          <reporter-output>
          </reporter-output>
        </test-method> <!-- test_About_Page_Correct -->
        <test-method status="PASS" signature="AlertPage(java.lang.String)[pri:2, instance:test.OmgeoHomePageTestingV1@1d057a39]" name="AlertPage" duration-ms="970" started-at="2016-04-12T22:24:37Z" finished-at="2016-04-12T22:24:38Z">
          <params>
            <param index="0">
              <value>
                <![CDATA[http://www.omgeo.com/alert]]>
              </value>
            </param>
          </params>
          <reporter-output>
          </reporter-output>
        </test-method> <!-- AlertPage -->
        <test-method status="PASS" signature="leaderShipPage(java.lang.String)[pri:3, instance:test.OmgeoHomePageTestingV1@1d057a39]" name="leaderShipPage" duration-ms="2279" started-at="2016-04-12T22:24:38Z" finished-at="2016-04-12T22:24:40Z">
          <params>
            <param index="0">
              <value>
                <![CDATA[http://www.omgeo.com/leadership_team]]>
              </value>
            </param>
          </params>
          <reporter-output>
          </reporter-output>
        </test-method> <!-- leaderShipPage -->
      </class> <!-- test.OmgeoHomePageTestingV1 -->
    </test> <!-- ChromeTest -->
  </suite> <!-- TestNG_XML_Testing -->
</testng-results>
