<?xml version="1.0" encoding="UTF-8"?>
<!-- Generated by org.testng.reporters.JUnitXMLReporter -->
<testsuite hostname="DESKTOP-J0DBHLB" name="FireTest" tests="4" failures="0" timestamp="13 Apr 2016 02:24:32 GMT" time="18.53" errors="0">
  <testcase name="test_Home_Page_Appear_Correct" time="0.086" classname="test.OmgeoHomePageTestingV1"/>
  <testcase name="test_About_Page_Correct" time="4.075" classname="test.OmgeoHomePageTestingV1"/>
  <testcase name="AlertPage" time="6.545" classname="test.OmgeoHomePageTestingV1"/>
  <testcase name="leaderShipPage" time="2.15" classname="test.OmgeoHomePageTestingV1"/>
</testsuite> <!-- FireTest -->
