<?xml version="1.0" encoding="UTF-8"?>
<!-- Generated by org.testng.reporters.JUnitXMLReporter -->
<testsuite hostname="DESKTOP-J0DBHLB" name="First" tests="4" failures="0" timestamp="12 Apr 2016 15:04:08 GMT" time="10.49" errors="0">
  <testcase name="test_Home_Page_Appear_Correct" time="0.783" classname="test.OmgeoHomePageTestingV1"/>
  <testcase name="test_About_Page_Correct" time="0.168" classname="test.OmgeoHomePageTestingV1"/>
  <testcase name="AlertPage" time="1.837" classname="test.OmgeoHomePageTestingV1"/>
  <testcase name="leaderShipPage" time="1.976" classname="test.OmgeoHomePageTestingV1"/>
</testsuite> <!-- First -->
