<?xml version="1.0" encoding="UTF-8"?>
<!-- Generated by org.testng.reporters.JUnitXMLReporter -->
<testsuite hostname="DESKTOP-J0DBHLB" name="IEtest" tests="4" failures="0" timestamp="12 Apr 2016 16:35:19 GMT" time="0.038" errors="0">
  <testcase name="@BeforeTest setup" time="0.0" classname="test.OmgeoHomePageTestingV1">
    <failure type="java.lang.NullPointerException">
      <![CDATA[java.lang.NullPointerException
	at test.OmgeoHomePageTestingV1.setup(OmgeoHomePageTestingV1.java:40)
... Removed 23 stack frames]]>
    </failure>
  </testcase> <!-- @BeforeTest setup -->
  <testcase name="test_Home_Page_Appear_Correct" time="0.001" classname="test.OmgeoHomePageTestingV1">
    <skipped/>
  </testcase> <!-- test_Home_Page_Appear_Correct -->
  <testcase name="test_About_Page_Correct" time="0.006" classname="test.OmgeoHomePageTestingV1">
    <skipped/>
  </testcase> <!-- test_About_Page_Correct -->
  <testcase name="AlertPage" time="0.001" classname="test.OmgeoHomePageTestingV1">
    <skipped/>
  </testcase> <!-- AlertPage -->
  <testcase name="leaderShipPage" time="0.001" classname="test.OmgeoHomePageTestingV1">
    <skipped/>
  </testcase> <!-- leaderShipPage -->
</testsuite> <!-- IEtest -->
