<?xml version="1.0" encoding="UTF-8"?>
<!-- Generated by org.testng.reporters.JUnitXMLReporter -->
<testsuite hostname="DESKTOP-J0DBHLB" name="Second" tests="4" failures="0" timestamp="12 Apr 2016 15:04:15 GMT" time="7.676" errors="0">
  <testcase name="test_Home_Page_Appear_Correct" time="0.445" classname="test.OmgeoHomePageTestingV1"/>
  <testcase name="test_About_Page_Correct" time="0.02" classname="test.OmgeoHomePageTestingV1"/>
  <testcase name="AlertPage" time="0.891" classname="test.OmgeoHomePageTestingV1"/>
  <testcase name="leaderShipPage" time="2.019" classname="test.OmgeoHomePageTestingV1"/>
</testsuite> <!-- Second -->
